<?xml version="1.0" encoding="UTF-8"?>
<!-- Generated by org.testng.reporters.JUnitReportReporter -->
<testsuite hostname="LAPTOP-BBE0AN14" failures="0" tests="1" name="lenovo_Testing.AppTest" time="2.642" errors="0" timestamp="2024-09-03T20:21:00 IST" skipped="0">
  <testcase classname="lenovo_Testing.AppTest" name="loginApp" time="2.642"/>
</testsuite> <!-- lenovo_Testing.AppTest -->
